Start testing: Jun 05 01:22 RTZ 2 (çèìà)
----------------------------------------------------------
1/3 Testing: test_1
1/3 Test: test_1
Command: "C:/Users/PiroZHoCheck_2.0/Desktop/ctest-main/build/tests/test_1.exe"
Directory: C:/Users/PiroZHoCheck_2.0/Desktop/ctest-main/build/tests
"test_1" start time: Jun 05 01:22 RTZ 2 (çèìà)
Output:
----------------------------------------------------------
<end of output>
Test time =   0.02 sec
----------------------------------------------------------
Test Passed.
"test_1" end time: Jun 05 01:22 RTZ 2 (çèìà)
"test_1" time elapsed: 00:00:00
----------------------------------------------------------

End testing: Jun 05 01:22 RTZ 2 (çèìà)
